0 info it worked if it ends with ok
1 verbose cli [ 'C:\\nodejs\\node.exe',
1 verbose cli   'C:\\nodejs\\node_modules\\npm\\bin\\npm-cli.js',
1 verbose cli   'start' ]
2 info using npm@3.10.8
3 info using node@v6.9.1
4 verbose run-script [ 'prestart', 'start', 'poststart' ]
5 info lifecycle angularjs@0.0.1~prestart: angularjs@0.0.1
6 verbose lifecycle angularjs@0.0.1~prestart: unsafe-perm in lifecycle true
7 verbose lifecycle angularjs@0.0.1~prestart: PATH: C:\nodejs\node_modules\npm\bin\node-gyp-bin;C:\git\angularjs\node_modules\.bin;G:\bin;C:\Program Files\Git\mingw64\bin;C:\Program Files\Git\usr\local\bin;C:\Program Files\Git\usr\bin;C:\Program Files\Git\usr\bin;C:\Program Files\Git\mingw64\bin;C:\Program Files\Git\usr\bin;G:\bin;C:\windows\system32;C:\windows;C:\windows\System32\Wbem;C:\windows\System32\WindowsPowerShell\v1.0;C:\Program Files (x86)\QuickTime\QTSystem;C:\Program Files\1E\NomadBranch;C:\ORACLE\ORA11G\product\11.2.0\client_1\bin;C:\nodejs;C:\Users\t261279\AppData\Roaming\npm;C:\Program Files\Git\usr\bin\vendor_perl;C:\Program Files\Git\usr\bin\core_perl
8 verbose lifecycle angularjs@0.0.1~prestart: CWD: C:\git\angularjs
9 silly lifecycle angularjs@0.0.1~prestart: Args: [ '/d /s /c', 'npm install' ]
10 silly lifecycle angularjs@0.0.1~prestart: Returned: code: 0  signal: null
11 info lifecycle angularjs@0.0.1~start: angularjs@0.0.1
12 verbose lifecycle angularjs@0.0.1~start: unsafe-perm in lifecycle true
13 verbose lifecycle angularjs@0.0.1~start: PATH: C:\nodejs\node_modules\npm\bin\node-gyp-bin;C:\git\angularjs\node_modules\.bin;G:\bin;C:\Program Files\Git\mingw64\bin;C:\Program Files\Git\usr\local\bin;C:\Program Files\Git\usr\bin;C:\Program Files\Git\usr\bin;C:\Program Files\Git\mingw64\bin;C:\Program Files\Git\usr\bin;G:\bin;C:\windows\system32;C:\windows;C:\windows\System32\Wbem;C:\windows\System32\WindowsPowerShell\v1.0;C:\Program Files (x86)\QuickTime\QTSystem;C:\Program Files\1E\NomadBranch;C:\ORACLE\ORA11G\product\11.2.0\client_1\bin;C:\nodejs;C:\Users\t261279\AppData\Roaming\npm;C:\Program Files\Git\usr\bin\vendor_perl;C:\Program Files\Git\usr\bin\core_perl
14 verbose lifecycle angularjs@0.0.1~start: CWD: C:\git\angularjs
15 silly lifecycle angularjs@0.0.1~start: Args: [ '/d /s /c', 'http-server ./app -a localhost -p 8000 -c-1' ]
16 silly lifecycle angularjs@0.0.1~start: Returned: code: 1  signal: null
17 info lifecycle angularjs@0.0.1~start: Failed to exec start script
18 verbose stack Error: angularjs@0.0.1 start: `http-server ./app -a localhost -p 8000 -c-1`
18 verbose stack Exit status 1
18 verbose stack     at EventEmitter.<anonymous> (C:\nodejs\node_modules\npm\lib\utils\lifecycle.js:255:16)
18 verbose stack     at emitTwo (events.js:106:13)
18 verbose stack     at EventEmitter.emit (events.js:191:7)
18 verbose stack     at ChildProcess.<anonymous> (C:\nodejs\node_modules\npm\lib\utils\spawn.js:40:14)
18 verbose stack     at emitTwo (events.js:106:13)
18 verbose stack     at ChildProcess.emit (events.js:191:7)
18 verbose stack     at maybeClose (internal/child_process.js:877:16)
18 verbose stack     at Process.ChildProcess._handle.onexit (internal/child_process.js:226:5)
19 verbose pkgid angularjs@0.0.1
20 verbose cwd C:\git\angularjs
21 error Windows_NT 6.1.7601
22 error argv "C:\\nodejs\\node.exe" "C:\\nodejs\\node_modules\\npm\\bin\\npm-cli.js" "start"
23 error node v6.9.1
24 error npm  v3.10.8
25 error code ELIFECYCLE
26 error angularjs@0.0.1 start: `http-server ./app -a localhost -p 8000 -c-1`
26 error Exit status 1
27 error Failed at the angularjs@0.0.1 start script 'http-server ./app -a localhost -p 8000 -c-1'.
27 error Make sure you have the latest version of node.js and npm installed.
27 error If you do, this is most likely a problem with the angularjs package,
27 error not with npm itself.
27 error Tell the author that this fails on your system:
27 error     http-server ./app -a localhost -p 8000 -c-1
27 error You can get information on how to open an issue for this project with:
27 error     npm bugs angularjs
27 error Or if that isn't available, you can get their info via:
27 error     npm owner ls angularjs
27 error There is likely additional logging output above.
28 verbose exit [ 1, true ]
